#
# There is insufficient memory for the Java Runtime Environment to continue.
# Native memory allocation (malloc) failed to allocate 166016 bytes. Error detail: Chunk::new
# Possible reasons:
#   The system is out of physical RAM or swap space
#   This process is running with CompressedOops enabled, and the Java Heap may be blocking the growth of the native heap
# Possible solutions:
#   Reduce memory load on the system
#   Increase physical memory or swap space
#   Check if swap backing store is full
#   Decrease Java heap size (-Xmx/-Xms)
#   Decrease number of Java threads
#   Decrease Java thread stack sizes (-Xss)
#   Set larger code cache with -XX:ReservedCodeCacheSize=
#   JVM is running with Unscaled Compressed Oops mode in which the Java heap is
#     placed in the first 4GB address space. The Java Heap base address is the
#     maximum limit for the native heap growth. Please use -XX:HeapBaseMinAddress
#     to set the Java Heap base and to place the Java Heap above 4GB virtual address.
# This output file may be truncated or incomplete.
#
#  Out of Memory Error (arena.cpp:168), pid=14960, tid=12436
#
# JRE version: OpenJDK Runtime Environment JBR-21.0.7+9-895.130-jcef (21.0.7+9) (build 21.0.7+9-b895.130)
# Java VM: OpenJDK 64-Bit Server VM JBR-21.0.7+9-895.130-jcef (21.0.7+9-b895.130, mixed mode, sharing, tiered, compressed oops, compressed class ptrs, g1 gc, windows-amd64)
# No core dump will be written. Minidumps are not enabled by default on client versions of Windows
#

---------------  S U M M A R Y ------------

Command Line: git4idea.http.GitAskPassApp Password for 'https://ivanov-a-ekaterina@github.com': 

Host: AMD Ryzen 5 3500U with Radeon Vega Mobile Gfx  , 8 cores, 6G,  Windows 11 , 64 bit Build 22621 (10.0.22621.5415)
Time: Sun Jul 13 13:54:57 2025 RTZ 2 (s 11 , 64 bit Build 22621 (10.0.22621.5415) elapsed time: 0.460343 seconds (0d 0h 0m 0s)

---------------  T H R E A D  ---------------

Current thread (0x00000241d0f653d0):  JavaThread "C2 CompilerThread0" daemon [_thread_in_native, id=12436, stack(0x000000ef8d000000,0x000000ef8d100000) (1024K)]


Current CompileTask:
C2:460  887   !   4       java.util.concurrent.ConcurrentHashMap::putVal (432 bytes)

Stack: [0x000000ef8d000000,0x000000ef8d100000]
Native frames: (J=compiled Java code, j=interpreted, Vv=VM code, C=native code)
V  [jvm.dll+0x6e6049]
V  [jvm.dll+0x8c4343]
V  [jvm.dll+0x8c689e]
V  [jvm.dll+0x8c6f83]
V  [jvm.dll+0x289266]
V  [jvm.dll+0xc675d]
V  [jvm.dll+0xc6c93]
V  [jvm.dll+0x2fee70]
V  [jvm.dll+0x60cb49]
V  [jvm.dll+0x259a22]
V  [jvm.dll+0x251ee4]
V  [jvm.dll+0x24fdde]
V  [jvm.dll+0x1cd734]
V  [jvm.dll+0x25f76c]
V  [jvm.dll+0x25dcb6]
V  [jvm.dll+0x3ffa86]
V  [jvm.dll+0x86bea8]
V  [jvm.dll+0x6e480d]
C  [ucrtbase.dll+0x29333]
C  [KERNEL32.DLL+0x1259d]
C  [ntdll.dll+0x5af78]


---------------  P R O C E S S  ---------------

Threads class SMR info:
_java_thread_list=0x0000024217090450, length=13, elements={
0x00000241b6c61810, 0x00000241d0f4eaa0, 0x00000241d0f4f9b0, 0x00000241d0f50d80,
0x00000241d0f56e00, 0x00000241d0f57850, 0x00000241d0f54f70, 0x00000241d0f653d0,
0x00000241d0f55e20, 0x000002421220d0f0, 0x0000024212211770, 0x00000242123b6300,
0x000002421705d520
}

Java Threads: ( => current thread )
  0x00000241b6c61810 JavaThread "main"                              [_thread_blocked, id=8756, stack(0x000000ef8c200000,0x000000ef8c300000) (1024K)]
  0x00000241d0f4eaa0 JavaThread "Reference Handler"          daemon [_thread_blocked, id=16376, stack(0x000000ef8ca00000,0x000000ef8cb00000) (1024K)]
  0x00000241d0f4f9b0 JavaThread "Finalizer"                  daemon [_thread_blocked, id=7480, stack(0x000000ef8cb00000,0x000000ef8cc00000) (1024K)]
  0x00000241d0f50d80 JavaThread "Signal Dispatcher"          daemon [_thread_blocked, id=1544, stack(0x000000ef8cc00000,0x000000ef8cd00000) (1024K)]
  0x00000241d0f56e00 JavaThread "Attach Listener"            daemon [_thread_blocked, id=12684, stack(0x000000ef8cd00000,0x000000ef8ce00000) (1024K)]
  0x00000241d0f57850 JavaThread "Service Thread"             daemon [_thread_blocked, id=15592, stack(0x000000ef8ce00000,0x000000ef8cf00000) (1024K)]
  0x00000241d0f54f70 JavaThread "Monitor Deflation Thread"   daemon [_thread_blocked, id=9988, stack(0x000000ef8cf00000,0x000000ef8d000000) (1024K)]
=>0x00000241d0f653d0 JavaThread "C2 CompilerThread0"         daemon [_thread_in_native, id=12436, stack(0x000000ef8d000000,0x000000ef8d100000) (1024K)]
  0x00000241d0f55e20 JavaThread "C1 CompilerThread0"         daemon [_thread_in_native, id=10820, stack(0x000000ef8d100000,0x000000ef8d200000) (1024K)]
  0x000002421220d0f0 JavaThread "Notification Thread"        daemon [_thread_blocked, id=14384, stack(0x000000ef8d200000,0x000000ef8d300000) (1024K)]
  0x0000024212211770 JavaThread "Common-Cleaner"             daemon [_thread_blocked, id=16328, stack(0x000000ef8d300000,0x000000ef8d400000) (1024K)]
  0x00000242123b6300 JavaThread "HttpClient-1-SelectorManager" daemon [_thread_in_native, id=10512, stack(0x000000ef8d400000,0x000000ef8d500000) (1024K)]
  0x000002421705d520 JavaThread "HttpClient-1-Worker-0"      daemon [_thread_in_vm, id=11156, stack(0x000000ef8d600000,0x000000ef8d700000) (1024K)]
Total: 13

Other Threads:
  0x00000241d0f38230 VMThread "VM Thread"                           [id=14924, stack(0x000000ef8c900000,0x000000ef8ca00000) (1024K)]
  0x00000241d0f262a0 WatcherThread "VM Periodic Task Thread"        [id=6504, stack(0x000000ef8c800000,0x000000ef8c900000) (1024K)]
  0x00000241b8f57c20 WorkerThread "GC Thread#0"                     [id=14496, stack(0x000000ef8c300000,0x000000ef8c400000) (1024K)]
  0x00000241b8f66bb0 ConcurrentGCThread "G1 Main Marker"            [id=8412, stack(0x000000ef8c400000,0x000000ef8c500000) (1024K)]
  0x00000241b8f67e50 WorkerThread "G1 Conc#0"                       [id=14400, stack(0x000000ef8c500000,0x000000ef8c600000) (1024K)]
  0x00000241b8fce4a0 ConcurrentGCThread "G1 Refine#0"               [id=13380, stack(0x000000ef8c600000,0x000000ef8c700000) (1024K)]
  0x00000241d0df5240 ConcurrentGCThread "G1 Service"                [id=13928, stack(0x000000ef8c700000,0x000000ef8c800000) (1024K)]
Total: 7

Threads with active compile tasks:
C2 CompilerThread0  474  887   !   4       java.util.concurrent.ConcurrentHashMap::putVal (432 bytes)
C1 CompilerThread0  474  931       3       java.lang.StringConcatHelper::simpleConcat (94 bytes)
Total: 2

VM state: not at safepoint (normal execution)

VM Mutex/Monitor currently owned by a thread: None

Heap address: 0x0000000091000000, size: 1776 MB, Compressed Oops mode: 32-bit

CDS archive(s) mapped at: [0x00000241d1000000-0x00000241d1d10000-0x00000241d1d10000), size 13697024, SharedBaseAddress: 0x00000241d1000000, ArchiveRelocationMode: 1.
Compressed class space mapped at: 0x00000241d2000000-0x0000024212000000, reserved size: 1073741824
Narrow klass base: 0x00000241d1000000, Narrow klass shift: 0, Narrow klass range: 0x100000000

GC Precious Log:
 CardTable entry size: 512
 Card Set container configuration: InlinePtr #cards 5 size 8 Array Of Cards #cards 12 size 40 Howl #buckets 4 coarsen threshold 1843 Howl Bitmap #cards 512 size 80 coarsen threshold 460 Card regions per heap region 1 cards per card region 2048
 CPUs: 8 total, 8 available
 Memory: 7103M
 Large Page Support: Disabled
 NUMA Support: Disabled
 Compressed Oops: Enabled (32-bit)
 Heap Region Size: 1M
 Heap Min Capacity: 8M
 Heap Initial Capacity: 112M
 Heap Max Capacity: 1776M
 Pre-touch: Disabled
 Parallel Workers: 8
 Concurrent Workers: 2
 Concurrent Refinement Workers: 8
 Periodic GC: Disabled

Heap:
 garbage-first heap   total 114688K, used 11264K [0x0000000091000000, 0x0000000100000000)
  region size 1024K, 12 young (12288K), 0 survivors (0K)
 Metaspace       used 6674K, committed 6912K, reserved 1114112K
  class space    used 739K, committed 832K, reserved 1048576K

Heap Regions: E=young(eden), S=young(survivor), O=old, HS=humongous(starts), HC=humongous(continues), CS=collection set, F=free, TAMS=top-at-mark-start, PB=parsable bottom
|   0|0x0000000091000000, 0x0000000091000000, 0x0000000091100000|  0%| F|  |TAMS 0x0000000091000000| PB 0x0000000091000000| Untracked 
|   1|0x0000000091100000, 0x0000000091100000, 0x0000000091200000|  0%| F|  |TAMS 0x0000000091100000| PB 0x0000000091100000| Untracked 
|   2|0x0000000091200000, 0x0000000091200000, 0x0000000091300000|  0%| F|  |TAMS 0x0000000091200000| PB 0x0000000091200000| Untracked 
|   3|0x0000000091300000, 0x0000000091300000, 0x0000000091400000|  0%| F|  |TAMS 0x0000000091300000| PB 0x0000000091300000| Untracked 
|   4|0x0000000091400000, 0x0000000091400000, 0x0000000091500000|  0%| F|  |TAMS 0x0000000091400000| PB 0x0000000091400000| Untracked 
|   5|0x0000000091500000, 0x0000000091500000, 0x0000000091600000|  0%| F|  |TAMS 0x0000000091500000| PB 0x0000000091500000| Untracked 
|   6|0x0000000091600000, 0x0000000091600000, 0x0000000091700000|  0%| F|  |TAMS 0x0000000091600000| PB 0x0000000091600000| Untracked 
|   7|0x0000000091700000, 0x0000000091700000, 0x0000000091800000|  0%| F|  |TAMS 0x0000000091700000| PB 0x0000000091700000| Untracked 
|   8|0x0000000091800000, 0x0000000091800000, 0x0000000091900000|  0%| F|  |TAMS 0x0000000091800000| PB 0x0000000091800000| Untracked 
|   9|0x0000000091900000, 0x0000000091900000, 0x0000000091a00000|  0%| F|  |TAMS 0x0000000091900000| PB 0x0000000091900000| Untracked 
|  10|0x0000000091a00000, 0x0000000091a00000, 0x0000000091b00000|  0%| F|  |TAMS 0x0000000091a00000| PB 0x0000000091a00000| Untracked 
|  11|0x0000000091b00000, 0x0000000091b00000, 0x0000000091c00000|  0%| F|  |TAMS 0x0000000091b00000| PB 0x0000000091b00000| Untracked 
|  12|0x0000000091c00000, 0x0000000091c00000, 0x0000000091d00000|  0%| F|  |TAMS 0x0000000091c00000| PB 0x0000000091c00000| Untracked 
|  13|0x0000000091d00000, 0x0000000091d00000, 0x0000000091e00000|  0%| F|  |TAMS 0x0000000091d00000| PB 0x0000000091d00000| Untracked 
|  14|0x0000000091e00000, 0x0000000091e00000, 0x0000000091f00000|  0%| F|  |TAMS 0x0000000091e00000| PB 0x0000000091e00000| Untracked 
|  15|0x0000000091f00000, 0x0000000091f00000, 0x0000000092000000|  0%| F|  |TAMS 0x0000000091f00000| PB 0x0000000091f00000| Untracked 
|  16|0x0000000092000000, 0x0000000092000000, 0x0000000092100000|  0%| F|  |TAMS 0x0000000092000000| PB 0x0000000092000000| Untracked 
|  17|0x0000000092100000, 0x0000000092100000, 0x0000000092200000|  0%| F|  |TAMS 0x0000000092100000| PB 0x0000000092100000| Untracked 
|  18|0x0000000092200000, 0x0000000092200000, 0x0000000092300000|  0%| F|  |TAMS 0x0000000092200000| PB 0x0000000092200000| Untracked 
|  19|0x0000000092300000, 0x0000000092300000, 0x0000000092400000|  0%| F|  |TAMS 0x0000000092300000| PB 0x0000000092300000| Untracked 
|  20|0x0000000092400000, 0x0000000092400000, 0x0000000092500000|  0%| F|  |TAMS 0x0000000092400000| PB 0x0000000092400000| Untracked 
|  21|0x0000000092500000, 0x0000000092500000, 0x0000000092600000|  0%| F|  |TAMS 0x0000000092500000| PB 0x0000000092500000| Untracked 
|  22|0x0000000092600000, 0x0000000092600000, 0x0000000092700000|  0%| F|  |TAMS 0x0000000092600000| PB 0x0000000092600000| Untracked 
|  23|0x0000000092700000, 0x0000000092700000, 0x0000000092800000|  0%| F|  |TAMS 0x0000000092700000| PB 0x0000000092700000| Untracked 
|  24|0x0000000092800000, 0x0000000092800000, 0x0000000092900000|  0%| F|  |TAMS 0x0000000092800000| PB 0x0000000092800000| Untracked 
|  25|0x0000000092900000, 0x0000000092900000, 0x0000000092a00000|  0%| F|  |TAMS 0x0000000092900000| PB 0x0000000092900000| Untracked 
|  26|0x0000000092a00000, 0x0000000092a00000, 0x0000000092b00000|  0%| F|  |TAMS 0x0000000092a00000| PB 0x0000000092a00000| Untracked 
|  27|0x0000000092b00000, 0x0000000092b00000, 0x0000000092c00000|  0%| F|  |TAMS 0x0000000092b00000| PB 0x0000000092b00000| Untracked 
|  28|0x0000000092c00000, 0x0000000092c00000, 0x0000000092d00000|  0%| F|  |TAMS 0x0000000092c00000| PB 0x0000000092c00000| Untracked 
|  29|0x0000000092d00000, 0x0000000092d00000, 0x0000000092e00000|  0%| F|  |TAMS 0x0000000092d00000| PB 0x0000000092d00000| Untracked 
|  30|0x0000000092e00000, 0x0000000092e00000, 0x0000000092f00000|  0%| F|  |TAMS 0x0000000092e00000| PB 0x0000000092e00000| Untracked 
|  31|0x0000000092f00000, 0x0000000092f00000, 0x0000000093000000|  0%| F|  |TAMS 0x0000000092f00000| PB 0x0000000092f00000| Untracked 
|  32|0x0000000093000000, 0x0000000093000000, 0x0000000093100000|  0%| F|  |TAMS 0x0000000093000000| PB 0x0000000093000000| Untracked 
|  33|0x0000000093100000, 0x0000000093100000, 0x0000000093200000|  0%| F|  |TAMS 0x0000000093100000| PB 0x0000000093100000| Untracked 
|  34|0x0000000093200000, 0x0000000093200000, 0x0000000093300000|  0%| F|  |TAMS 0x0000000093200000| PB 0x0000000093200000| Untracked 
|  35|0x0000000093300000, 0x0000000093300000, 0x0000000093400000|  0%| F|  |TAMS 0x0000000093300000| PB 0x0000000093300000| Untracked 
|  36|0x0000000093400000, 0x0000000093400000, 0x0000000093500000|  0%| F|  |TAMS 0x0000000093400000| PB 0x0000000093400000| Untracked 
|  37|0x0000000093500000, 0x0000000093500000, 0x0000000093600000|  0%| F|  |TAMS 0x0000000093500000| PB 0x0000000093500000| Untracked 
|  38|0x0000000093600000, 0x0000000093600000, 0x0000000093700000|  0%| F|  |TAMS 0x0000000093600000| PB 0x0000000093600000| Untracked 
|  39|0x0000000093700000, 0x0000000093700000, 0x0000000093800000|  0%| F|  |TAMS 0x0000000093700000| PB 0x0000000093700000| Untracked 
|  40|0x0000000093800000, 0x0000000093800000, 0x0000000093900000|  0%| F|  |TAMS 0x0000000093800000| PB 0x0000000093800000| Untracked 
|  41|0x0000000093900000, 0x0000000093900000, 0x0000000093a00000|  0%| F|  |TAMS 0x0000000093900000| PB 0x0000000093900000| Untracked 
|  42|0x0000000093a00000, 0x0000000093a00000, 0x0000000093b00000|  0%| F|  |TAMS 0x0000000093a00000| PB 0x0000000093a00000| Untracked 
|  43|0x0000000093b00000, 0x0000000093b00000, 0x0000000093c00000|  0%| F|  |TAMS 0x0000000093b00000| PB 0x0000000093b00000| Untracked 
|  44|0x0000000093c00000, 0x0000000093c00000, 0x0000000093d00000|  0%| F|  |TAMS 0x0000000093c00000| PB 0x0000000093c00000| Untracked 
|  45|0x0000000093d00000, 0x0000000093d00000, 0x0000000093e00000|  0%| F|  |TAMS 0x0000000093d00000| PB 0x0000000093d00000| Untracked 
|  46|0x0000000093e00000, 0x0000000093e00000, 0x0000000093f00000|  0%| F|  |TAMS 0x0000000093e00000| PB 0x0000000093e00000| Untracked 
|  47|0x0000000093f00000, 0x0000000093f00000, 0x0000000094000000|  0%| F|  |TAMS 0x0000000093f00000| PB 0x0000000093f00000| Untracked 
|  48|0x0000000094000000, 0x0000000094000000, 0x0000000094100000|  0%| F|  |TAMS 0x0000000094000000| PB 0x0000000094000000| Untracked 
|  49|0x0000000094100000, 0x0000000094100000, 0x0000000094200000|  0%| F|  |TAMS 0x0000000094100000| PB 0x0000000094100000| Untracked 
|  50|0x0000000094200000, 0x0000000094200000, 0x0000000094300000|  0%| F|  |TAMS 0x0000000094200000| PB 0x0000000094200000| Untracked 
|  51|0x0000000094300000, 0x0000000094300000, 0x0000000094400000|  0%| F|  |TAMS 0x0000000094300000| PB 0x0000000094300000| Untracked 
|  52|0x0000000094400000, 0x0000000094400000, 0x0000000094500000|  0%| F|  |TAMS 0x0000000094400000| PB 0x0000000094400000| Untracked 
|  53|0x0000000094500000, 0x0000000094500000, 0x0000000094600000|  0%| F|  |TAMS 0x0000000094500000| PB 0x0000000094500000| Untracked 
|  54|0x0000000094600000, 0x0000000094600000, 0x0000000094700000|  0%| F|  |TAMS 0x0000000094600000| PB 0x0000000094600000| Untracked 
|  55|0x0000000094700000, 0x0000000094700000, 0x0000000094800000|  0%| F|  |TAMS 0x0000000094700000| PB 0x0000000094700000| Untracked 
|  56|0x0000000094800000, 0x0000000094800000, 0x0000000094900000|  0%| F|  |TAMS 0x0000000094800000| PB 0x0000000094800000| Untracked 
|  57|0x0000000094900000, 0x0000000094900000, 0x0000000094a00000|  0%| F|  |TAMS 0x0000000094900000| PB 0x0000000094900000| Untracked 
|  58|0x0000000094a00000, 0x0000000094a00000, 0x0000000094b00000|  0%| F|  |TAMS 0x0000000094a00000| PB 0x0000000094a00000| Untracked 
|  59|0x0000000094b00000, 0x0000000094b00000, 0x0000000094c00000|  0%| F|  |TAMS 0x0000000094b00000| PB 0x0000000094b00000| Untracked 
|  60|0x0000000094c00000, 0x0000000094c00000, 0x0000000094d00000|  0%| F|  |TAMS 0x0000000094c00000| PB 0x0000000094c00000| Untracked 
|  61|0x0000000094d00000, 0x0000000094d00000, 0x0000000094e00000|  0%| F|  |TAMS 0x0000000094d00000| PB 0x0000000094d00000| Untracked 
|  62|0x0000000094e00000, 0x0000000094e00000, 0x0000000094f00000|  0%| F|  |TAMS 0x0000000094e00000| PB 0x0000000094e00000| Untracked 
|  63|0x0000000094f00000, 0x0000000094f00000, 0x0000000095000000|  0%| F|  |TAMS 0x0000000094f00000| PB 0x0000000094f00000| Untracked 
|  64|0x0000000095000000, 0x0000000095000000, 0x0000000095100000|  0%| F|  |TAMS 0x0000000095000000| PB 0x0000000095000000| Untracked 
|  65|0x0000000095100000, 0x0000000095100000, 0x0000000095200000|  0%| F|  |TAMS 0x0000000095100000| PB 0x0000000095100000| Untracked 
|  66|0x0000000095200000, 0x0000000095200000, 0x0000000095300000|  0%| F|  |TAMS 0x0000000095200000| PB 0x0000000095200000| Untracked 
|  67|0x0000000095300000, 0x0000000095300000, 0x0000000095400000|  0%| F|  |TAMS 0x0000000095300000| PB 0x0000000095300000| Untracked 
|  68|0x0000000095400000, 0x0000000095400000, 0x0000000095500000|  0%| F|  |TAMS 0x0000000095400000| PB 0x0000000095400000| Untracked 
|  69|0x0000000095500000, 0x0000000095500000, 0x0000000095600000|  0%| F|  |TAMS 0x0000000095500000| PB 0x0000000095500000| Untracked 
|  70|0x0000000095600000, 0x0000000095600000, 0x0000000095700000|  0%| F|  |TAMS 0x0000000095600000| PB 0x0000000095600000| Untracked 
|  71|0x0000000095700000, 0x0000000095700000, 0x0000000095800000|  0%| F|  |TAMS 0x0000000095700000| PB 0x0000000095700000| Untracked 
|  72|0x0000000095800000, 0x0000000095800000, 0x0000000095900000|  0%| F|  |TAMS 0x0000000095800000| PB 0x0000000095800000| Untracked 
|  73|0x0000000095900000, 0x0000000095900000, 0x0000000095a00000|  0%| F|  |TAMS 0x0000000095900000| PB 0x0000000095900000| Untracked 
|  74|0x0000000095a00000, 0x0000000095a00000, 0x0000000095b00000|  0%| F|  |TAMS 0x0000000095a00000| PB 0x0000000095a00000| Untracked 
|  75|0x0000000095b00000, 0x0000000095b00000, 0x0000000095c00000|  0%| F|  |TAMS 0x0000000095b00000| PB 0x0000000095b00000| Untracked 
|  76|0x0000000095c00000, 0x0000000095c00000, 0x0000000095d00000|  0%| F|  |TAMS 0x0000000095c00000| PB 0x0000000095c00000| Untracked 
|  77|0x0000000095d00000, 0x0000000095d00000, 0x0000000095e00000|  0%| F|  |TAMS 0x0000000095d00000| PB 0x0000000095d00000| Untracked 
|  78|0x0000000095e00000, 0x0000000095e00000, 0x0000000095f00000|  0%| F|  |TAMS 0x0000000095e00000| PB 0x0000000095e00000| Untracked 
|  79|0x0000000095f00000, 0x0000000095f00000, 0x0000000096000000|  0%| F|  |TAMS 0x0000000095f00000| PB 0x0000000095f00000| Untracked 
|  80|0x0000000096000000, 0x0000000096000000, 0x0000000096100000|  0%| F|  |TAMS 0x0000000096000000| PB 0x0000000096000000| Untracked 
|  81|0x0000000096100000, 0x0000000096100000, 0x0000000096200000|  0%| F|  |TAMS 0x0000000096100000| PB 0x0000000096100000| Untracked 
|  82|0x0000000096200000, 0x0000000096200000, 0x0000000096300000|  0%| F|  |TAMS 0x0000000096200000| PB 0x0000000096200000| Untracked 
|  83|0x0000000096300000, 0x0000000096300000, 0x0000000096400000|  0%| F|  |TAMS 0x0000000096300000| PB 0x0000000096300000| Untracked 
|  84|0x0000000096400000, 0x0000000096400000, 0x0000000096500000|  0%| F|  |TAMS 0x0000000096400000| PB 0x0000000096400000| Untracked 
|  85|0x0000000096500000, 0x0000000096500000, 0x0000000096600000|  0%| F|  |TAMS 0x0000000096500000| PB 0x0000000096500000| Untracked 
|  86|0x0000000096600000, 0x0000000096600000, 0x0000000096700000|  0%| F|  |TAMS 0x0000000096600000| PB 0x0000000096600000| Untracked 
|  87|0x0000000096700000, 0x0000000096700000, 0x0000000096800000|  0%| F|  |TAMS 0x0000000096700000| PB 0x0000000096700000| Untracked 
|  88|0x0000000096800000, 0x0000000096800000, 0x0000000096900000|  0%| F|  |TAMS 0x0000000096800000| PB 0x0000000096800000| Untracked 
|  89|0x0000000096900000, 0x0000000096900000, 0x0000000096a00000|  0%| F|  |TAMS 0x0000000096900000| PB 0x0000000096900000| Untracked 
|  90|0x0000000096a00000, 0x0000000096a00000, 0x0000000096b00000|  0%| F|  |TAMS 0x0000000096a00000| PB 0x0000000096a00000| Untracked 
|  91|0x0000000096b00000, 0x0000000096b00000, 0x0000000096c00000|  0%| F|  |TAMS 0x0000000096b00000| PB 0x0000000096b00000| Untracked 
|  92|0x0000000096c00000, 0x0000000096c00000, 0x0000000096d00000|  0%| F|  |TAMS 0x0000000096c00000| PB 0x0000000096c00000| Untracked 
|  93|0x0000000096d00000, 0x0000000096d00000, 0x0000000096e00000|  0%| F|  |TAMS 0x0000000096d00000| PB 0x0000000096d00000| Untracked 
|  94|0x0000000096e00000, 0x0000000096e00000, 0x0000000096f00000|  0%| F|  |TAMS 0x0000000096e00000| PB 0x0000000096e00000| Untracked 
|  95|0x0000000096f00000, 0x0000000096f00000, 0x0000000097000000|  0%| F|  |TAMS 0x0000000096f00000| PB 0x0000000096f00000| Untracked 
|  96|0x0000000097000000, 0x0000000097000000, 0x0000000097100000|  0%| F|  |TAMS 0x0000000097000000| PB 0x0000000097000000| Untracked 
|  97|0x0000000097100000, 0x0000000097100000, 0x0000000097200000|  0%| F|  |TAMS 0x0000000097100000| PB 0x0000000097100000| Untracked 
|  98|0x0000000097200000, 0x0000000097200000, 0x0000000097300000|  0%| F|  |TAMS 0x0000000097200000| PB 0x0000000097200000| Untracked 
|  99|0x0000000097300000, 0x0000000097305658, 0x0000000097400000|  2%| E|  |TAMS 0x0000000097300000| PB 0x0000000097300000| Complete 
| 100|0x0000000097400000, 0x0000000097500000, 0x0000000097500000|100%| E|CS|TAMS 0x0000000097400000| PB 0x0000000097400000| Complete 
| 101|0x0000000097500000, 0x0000000097600000, 0x0000000097600000|100%| E|CS|TAMS 0x0000000097500000| PB 0x0000000097500000| Complete 
| 102|0x0000000097600000, 0x0000000097700000, 0x0000000097700000|100%| E|CS|TAMS 0x0000000097600000| PB 0x0000000097600000| Complete 
| 103|0x0000000097700000, 0x0000000097800000, 0x0000000097800000|100%| E|CS|TAMS 0x0000000097700000| PB 0x0000000097700000| Complete 
| 104|0x0000000097800000, 0x0000000097900000, 0x0000000097900000|100%| E|CS|TAMS 0x0000000097800000| PB 0x0000000097800000| Complete 
| 105|0x0000000097900000, 0x0000000097a00000, 0x0000000097a00000|100%| E|CS|TAMS 0x0000000097900000| PB 0x0000000097900000| Complete 
| 106|0x0000000097a00000, 0x0000000097b00000, 0x0000000097b00000|100%| E|CS|TAMS 0x0000000097a00000| PB 0x0000000097a00000| Complete 
| 107|0x0000000097b00000, 0x0000000097c00000, 0x0000000097c00000|100%| E|CS|TAMS 0x0000000097b00000| PB 0x0000000097b00000| Complete 
| 108|0x0000000097c00000, 0x0000000097d00000, 0x0000000097d00000|100%| E|CS|TAMS 0x0000000097c00000| PB 0x0000000097c00000| Complete 
| 109|0x0000000097d00000, 0x0000000097e00000, 0x0000000097e00000|100%| E|CS|TAMS 0x0000000097d00000| PB 0x0000000097d00000| Complete 
| 110|0x0000000097e00000, 0x0000000097f00000, 0x0000000097f00000|100%| E|CS|TAMS 0x0000000097e00000| PB 0x0000000097e00000| Complete 
| 111|0x0000000097f00000, 0x0000000098000000, 0x0000000098000000|100%| E|CS|TAMS 0x0000000097f00000| PB 0x0000000097f00000| Complete 

Card table byte_map: [0x00000241cc600000,0x00000241cc980000] _byte_map_base: 0x00000241cc178000

Marking Bits: (CMBitMap*) 0x00000241b8f58320
 Bits: [0x00000241cc980000, 0x00000241ce540000)

Polling page: 0x00000241b86d0000

Metaspace:

Usage:
  Non-class:      5.82 MB used.
      Class:    744.27 KB used.
       Both:      6.54 MB used.

Virtual space:
  Non-class space:       64.00 MB reserved,       5.94 MB (  9%) committed,  1 nodes.
      Class space:        1.00 GB reserved,     832.00 KB ( <1%) committed,  1 nodes.
             Both:        1.06 GB reserved,       6.75 MB ( <1%) committed. 

Chunk freelists:
   Non-Class:  9.57 MB
       Class:  15.08 MB
        Both:  24.64 MB

MaxMetaspaceSize: unlimited
CompressedClassSpaceSize: 1.00 GB
Initial GC threshold: 21.00 MB
Current GC threshold: 21.00 MB
CDS: on
 - commit_granule_bytes: 65536.
 - commit_granule_words: 8192.
 - virtual_space_node_default_size: 8388608.
 - enlarge_chunks_in_place: 1.
 - use_allocation_guard: 0.


Internal statistics:

num_allocs_failed_limit: 0.
num_arena_births: 224.
num_arena_deaths: 0.
num_vsnodes_births: 2.
num_vsnodes_deaths: 0.
num_space_committed: 108.
num_space_uncommitted: 0.
num_chunks_returned_to_freelist: 0.
num_chunks_taken_from_freelist: 355.
num_chunk_merges: 0.
num_chunk_splits: 208.
num_chunks_enlarged: 98.
num_inconsistent_stats: 0.

CodeHeap 'non-profiled nmethods': size=120000Kb used=306Kb max_used=306Kb free=119693Kb
 bounds [0x00000241c4a20000, 0x00000241c4c90000, 0x00000241cbf50000]
CodeHeap 'profiled nmethods': size=120000Kb used=1371Kb max_used=1371Kb free=118628Kb
 bounds [0x00000241bcf50000, 0x00000241bd1c0000, 0x00000241c4480000]
CodeHeap 'non-nmethods': size=5760Kb used=1407Kb max_used=1417Kb free=4352Kb
 bounds [0x00000241c4480000, 0x00000241c46f0000, 0x00000241c4a20000]
 total_blobs=1431 nmethods=931 adapters=405
 compilation: enabled
              stopped_count=0, restarted_count=0
 full_count=0

Compilation events (20 events):
Event: 0.453 Thread 0x00000241d0f55e20  892       3       jdk.internal.org.objectweb.asm.MethodWriter::visitMaxs (60 bytes)
Event: 0.453 Thread 0x00000241d0f55e20 nmethod 892 0x00000241bd097810 code [0x00000241bd0979e0, 0x00000241bd097c98]
Event: 0.453 Thread 0x00000241d0f55e20  893       3       jdk.internal.org.objectweb.asm.MethodWriter::visitEnd (1 bytes)
Event: 0.453 Thread 0x00000241d0f55e20 nmethod 893 0x00000241bd097d90 code [0x00000241bd097f20, 0x00000241bd098028]
Event: 0.453 Thread 0x00000241d0f55e20  895       3       jdk.internal.org.objectweb.asm.MethodWriter::hasFrames (13 bytes)
Event: 0.453 Thread 0x00000241d0f55e20 nmethod 895 0x00000241bd098090 code [0x00000241bd098220, 0x00000241bd098380]
Event: 0.453 Thread 0x00000241d0f55e20  896       3       jdk.internal.org.objectweb.asm.MethodWriter::putMethodInfo (1274 bytes)
Event: 0.456 Thread 0x00000241d0f55e20 nmethod 896 0x00000241bd098410 code [0x00000241bd098b40, 0x00000241bd09b220]
Event: 0.456 Thread 0x00000241d0f55e20  904       3       java.lang.invoke.LambdaForm$Name::<init> (19 bytes)
Event: 0.457 Thread 0x00000241d0f55e20 nmethod 904 0x00000241bd09c590 code [0x00000241bd09c7c0, 0x00000241bd09ce68]
Event: 0.457 Thread 0x00000241d0f55e20  905       3       jdk.internal.org.objectweb.asm.MethodWriter::visitFieldInsn (258 bytes)
Event: 0.458 Thread 0x00000241d0f55e20 nmethod 905 0x00000241bd09d190 code [0x00000241bd09d400, 0x00000241bd09df38]
Event: 0.458 Thread 0x00000241d0f55e20  906       3       jdk.internal.org.objectweb.asm.SymbolTable::addConstantFieldref (10 bytes)
Event: 0.458 Thread 0x00000241d0f55e20 nmethod 906 0x00000241bd09e390 code [0x00000241bd09e540, 0x00000241bd09e698]
Event: 0.458 Thread 0x00000241d0f55e20  897       3       jdk.internal.org.objectweb.asm.Handler::putExceptionTable (63 bytes)
Event: 0.458 Thread 0x00000241d0f55e20 nmethod 897 0x00000241bd09e790 code [0x00000241bd09e9c0, 0x00000241bd09ee40]
Event: 0.458 Thread 0x00000241d0f55e20  911       3       jdk.internal.loader.BuiltinClassLoader::loadClass (22 bytes)
Event: 0.458 Thread 0x00000241d0f55e20 nmethod 911 0x00000241bd09f110 code [0x00000241bd09f2e0, 0x00000241bd09f5a8]
Event: 0.458 Thread 0x00000241d0f55e20  900       1       java.lang.invoke.MethodHandleNatives::isPullModeBSM (2 bytes)
Event: 0.458 Thread 0x00000241d0f55e20 nmethod 900 0x00000241c4a6ac10 code [0x00000241c4a6ada0, 0x00000241c4a6ae48]

GC Heap History (0 events):
No events

Dll operation events (2 events):
Event: 0.007 Loaded shared library D:\PyCharm Community Edition 2025.1.3\jbr\bin\java.dll
Event: 0.037 Loaded shared library D:\PyCharm Community Edition 2025.1.3\jbr\bin\zip.dll

Deoptimization events (4 events):
Event: 0.310 Thread 0x00000241b6c61810 DEOPT PACKING pc=0x00000241bcf6884c sp=0x000000ef8c2fa340
Event: 0.310 Thread 0x00000241b6c61810 DEOPT UNPACKING pc=0x00000241c44d4e42 sp=0x000000ef8c2f9760 mode 0
Event: 0.362 Thread 0x00000241b6c61810 DEOPT PACKING pc=0x00000241bcf6704c sp=0x000000ef8c2fb2e0
Event: 0.362 Thread 0x00000241b6c61810 DEOPT UNPACKING pc=0x00000241c44d4e42 sp=0x000000ef8c2fa748 mode 0

Classes loaded (20 events):
Event: 0.448 Loading class sun/nio/ch/SelectionKeyImpl
Event: 0.448 Loading class java/nio/channels/spi/AbstractSelectionKey
Event: 0.448 Loading class java/nio/channels/SelectionKey
Event: 0.448 Loading class java/nio/channels/SelectionKey done
Event: 0.448 Loading class java/nio/channels/spi/AbstractSelectionKey done
Event: 0.448 Loading class sun/nio/ch/SelectionKeyImpl done
Event: 0.448 Loading class java/lang/invoke/ConstantBootstraps
Event: 0.448 Loading class java/lang/invoke/ConstantBootstraps done
Event: 0.449 Loading class java/util/concurrent/CompletableFuture$UniApply
Event: 0.449 Loading class java/util/concurrent/CompletableFuture$UniApply done
Event: 0.450 Loading class java/util/concurrent/CompletableFuture$UniWhenComplete
Event: 0.450 Loading class java/util/concurrent/CompletableFuture$UniWhenComplete done
Event: 0.452 Loading class java/util/concurrent/atomic/Striped64$1
Event: 0.452 Loading class java/util/concurrent/atomic/Striped64$1 done
Event: 0.453 Loading class java/util/concurrent/CompletableFuture$UniRelay
Event: 0.453 Loading class java/util/concurrent/CompletableFuture$UniRelay done
Event: 0.453 Loading class java/util/concurrent/ThreadPoolExecutor$Worker
Event: 0.453 Loading class java/util/concurrent/ThreadPoolExecutor$Worker done
Event: 0.454 Loading class java/util/concurrent/CompletableFuture$Signaller
Event: 0.454 Loading class java/util/concurrent/CompletableFuture$Signaller done

Classes unloaded (0 events):
No events

Classes redefined (0 events):
No events

Internal exceptions (20 events):
Event: 0.287 Thread 0x00000241b6c61810 Exception <a 'java/lang/NoSuchMethodError'{0x0000000097ae6f38}: 'void java.lang.invoke.DelegatingMethodHandle$Holder.delegate(java.lang.Object, java.lang.Object, int, java.lang.Object)'> (0x0000000097ae6f38) 
thrown [s\src\hotspot\share\interpreter\linkResolver.cpp, line 784]
Event: 0.292 Thread 0x00000241b6c61810 Exception <a 'java/lang/NoSuchMethodError'{0x0000000097909338}: 'int java.lang.invoke.DirectMethodHandle$Holder.invokeVirtual(java.lang.Object, java.lang.Object, java.lang.Object)'> (0x0000000097909338) 
thrown [s\src\hotspot\share\interpreter\linkResolver.cpp, line 784]
Event: 0.292 Thread 0x00000241b6c61810 Exception <a 'java/lang/NoSuchMethodError'{0x000000009790ca28}: 'int java.lang.invoke.DirectMethodHandle$Holder.invokeVirtual(java.lang.Object, java.lang.Object)'> (0x000000009790ca28) 
thrown [s\src\hotspot\share\interpreter\linkResolver.cpp, line 784]
Event: 0.294 Thread 0x00000241b6c61810 Exception <a 'java/lang/NoSuchMethodError'{0x0000000097910dd0}: 'int java.lang.invoke.DirectMethodHandle$Holder.invokeStaticInit(java.lang.Object, int, int)'> (0x0000000097910dd0) 
thrown [s\src\hotspot\share\interpreter\linkResolver.cpp, line 784]
Event: 0.295 Thread 0x00000241b6c61810 Exception <a 'java/lang/NoSuchMethodError'{0x00000000979183e0}: 'int java.lang.invoke.DirectMethodHandle$Holder.invokeStaticInit(java.lang.Object, long, long)'> (0x00000000979183e0) 
thrown [s\src\hotspot\share\interpreter\linkResolver.cpp, line 784]
Event: 0.296 Thread 0x00000241b6c61810 Exception <a 'java/lang/NoSuchMethodError'{0x000000009791ee78}: 'int java.lang.invoke.DirectMethodHandle$Holder.invokeStaticInit(java.lang.Object, float, float)'> (0x000000009791ee78) 
thrown [s\src\hotspot\share\interpreter\linkResolver.cpp, line 784]
Event: 0.297 Thread 0x00000241b6c61810 Exception <a 'java/lang/NoSuchMethodError'{0x0000000097925908}: 'int java.lang.invoke.DirectMethodHandle$Holder.invokeStaticInit(java.lang.Object, double, double)'> (0x0000000097925908) 
thrown [s\src\hotspot\share\interpreter\linkResolver.cpp, line 784]
Event: 0.297 Thread 0x00000241b6c61810 Exception <a 'java/lang/NoSuchMethodError'{0x0000000097929f90}: 'int java.lang.invoke.DirectMethodHandle$Holder.invokeStatic(java.lang.Object, long)'> (0x0000000097929f90) 
thrown [s\src\hotspot\share\interpreter\linkResolver.cpp, line 784]
Event: 0.304 Thread 0x00000241b6c61810 Exception <a 'java/lang/NoSuchMethodError'{0x0000000097953cb0}: 'java.lang.Object java.lang.invoke.DirectMethodHandle$Holder.invokeSpecial(java.lang.Object, java.lang.Object, int, java.lang.Object, java.lang.Object)'> (0x0000000097953cb0) 
thrown [s\src\hotspot\share\interpreter\linkResolver.cpp, line 784]
Event: 0.304 Thread 0x00000241b6c61810 Exception <a 'java/lang/NoSuchMethodError'{0x0000000097957640}: 'java.lang.Object java.lang.invoke.DelegatingMethodHandle$Holder.delegate(java.lang.Object, int, java.lang.Object, java.lang.Object)'> (0x0000000097957640) 
thrown [s\src\hotspot\share\interpreter\linkResolver.cpp, line 784]
Event: 0.306 Thread 0x00000241b6c61810 Exception <a 'java/lang/NoSuchMethodError'{0x0000000097966960}: 'int java.lang.invoke.Invokers$Holder.linkToTargetMethod(java.lang.Object, java.lang.Object, java.lang.Object)'> (0x0000000097966960) 
thrown [s\src\hotspot\share\interpreter\linkResolver.cpp, line 784]
Event: 0.312 Thread 0x00000241b6c61810 Exception <a 'java/lang/NoSuchMethodError'{0x0000000097998bd8}: 'long java.lang.invoke.DirectMethodHandle$Holder.invokeSpecial(java.lang.Object, java.lang.Object)'> (0x0000000097998bd8) 
thrown [s\src\hotspot\share\interpreter\linkResolver.cpp, line 784]
Event: 0.313 Thread 0x00000241b6c61810 Exception <a 'java/lang/NoSuchMethodError'{0x000000009799f4a8}: 'int java.lang.invoke.DirectMethodHandle$Holder.invokeStatic(java.lang.Object, java.lang.Object, java.lang.Object, java.lang.Object)'> (0x000000009799f4a8) 
thrown [s\src\hotspot\share\interpreter\linkResolver.cpp, line 784]
Event: 0.314 Thread 0x00000241b6c61810 Exception <a 'java/lang/NoSuchMethodError'{0x00000000979a28c8}: 'java.lang.Object java.lang.invoke.Invokers$Holder.invokeExact_MT(java.lang.Object, java.lang.Object, java.lang.Object, java.lang.Object, java.lang.Object, java.lang.Object)'> (0x00000000979a28c8) 
thrown [s\src\hotspot\share\interpreter\linkResolver.cpp, line 784]
Event: 0.398 Thread 0x00000241b6c61810 Exception <a 'java/lang/NoSuchMethodError'{0x0000000097752d10}: 'java.lang.Object java.lang.invoke.DirectMethodHandle$Holder.newInvokeSpecial(java.lang.Object, java.lang.Object, java.lang.Object, java.lang.Object, java.lang.Object)'> (0x0000000097752d10) 
thrown [s\src\hotspot\share\interpreter\linkResolver.cpp, line 784]
Event: 0.430 Thread 0x00000241b6c61810 Exception <a 'java/lang/NoSuchMethodError'{0x00000000975520b0}: 'java.lang.Object java.lang.invoke.DirectMethodHandle$Holder.invokeSpecial(java.lang.Object, java.lang.Object, java.lang.Object, java.lang.Object, int)'> (0x00000000975520b0) 
thrown [s\src\hotspot\share\interpreter\linkResolver.cpp, line 784]
Event: 0.430 Thread 0x00000241b6c61810 Exception <a 'java/lang/NoSuchMethodError'{0x0000000097555a18}: 'java.lang.Object java.lang.invoke.Invokers$Holder.linkToTargetMethod(java.lang.Object, java.lang.Object, int, java.lang.Object)'> (0x0000000097555a18) 
thrown [s\src\hotspot\share\interpreter\linkResolver.cpp, line 784]
Event: 0.436 Thread 0x00000241b6c61810 Exception <a 'java/lang/NoSuchMethodError'{0x00000000975846d8}: 'void java.lang.invoke.DirectMethodHandle$Holder.invokeSpecial(java.lang.Object, java.lang.Object, java.lang.Object)'> (0x00000000975846d8) 
thrown [s\src\hotspot\share\interpreter\linkResolver.cpp, line 784]
Event: 0.451 Thread 0x00000242123b6300 Exception <a 'java/lang/NoSuchMethodError'{0x0000000097796ea0}: 'void java.lang.invoke.DirectMethodHandle$Holder.invokeStatic(java.lang.Object, java.lang.Object, int)'> (0x0000000097796ea0) 
thrown [s\src\hotspot\share\interpreter\linkResolver.cpp, line 784]
Event: 0.451 Thread 0x00000241b6c61810 Exception <a 'java/lang/NoSuchMethodError'{0x00000000974146d8}: 'void java.lang.invoke.DirectMethodHandle$Holder.invokeSpecial(java.lang.Object, java.lang.Object, java.lang.Object, java.lang.Object, java.lang.Object)'> (0x00000000974146d8) 
thrown [s\src\hotspot\share\interpreter\linkResolver.cpp, line 784]

ZGC Phase Switch (0 events):
No events

VM Operations (6 events):
Event: 0.076 Executing VM operation: HandshakeAllThreads (Deoptimize)
Event: 0.076 Executing VM operation: HandshakeAllThreads (Deoptimize) done
Event: 0.083 Executing VM operation: HandshakeAllThreads (Deoptimize)
Event: 0.083 Executing VM operation: HandshakeAllThreads (Deoptimize) done
Event: 0.240 Executing VM operation: HandshakeAllThreads (Deoptimize)
Event: 0.240 Executing VM operation: HandshakeAllThreads (Deoptimize) done

Memory protections (0 events):
No events

Nmethod flushes (0 events):
No events

Events (19 events):
Event: 0.025 Thread 0x00000241b6c61810 Thread added: 0x00000241b6c61810
Event: 0.042 Thread 0x00000241b6c61810 Thread added: 0x00000241d0f4eaa0
Event: 0.042 Thread 0x00000241b6c61810 Thread added: 0x00000241d0f4f9b0
Event: 0.042 Thread 0x00000241b6c61810 Thread added: 0x00000241d0f50d80
Event: 0.042 Thread 0x00000241b6c61810 Thread added: 0x00000241d0f56e00
Event: 0.042 Thread 0x00000241b6c61810 Thread added: 0x00000241d0f57850
Event: 0.043 Thread 0x00000241b6c61810 Thread added: 0x00000241d0f54f70
Event: 0.043 Thread 0x00000241b6c61810 Thread added: 0x00000241d0f653d0
Event: 0.043 Thread 0x00000241b6c61810 Thread added: 0x00000241d0f55e20
Event: 0.059 Thread 0x00000241b6c61810 Thread added: 0x000002421220d0f0
Event: 0.062 Thread 0x00000241b6c61810 Thread added: 0x0000024212211770
Event: 0.065 Loaded shared library D:\PyCharm Community Edition 2025.1.3\jbr\bin\net.dll
Event: 0.068 Loaded shared library D:\PyCharm Community Edition 2025.1.3\jbr\bin\nio.dll
Event: 0.072 Loaded shared library D:\PyCharm Community Edition 2025.1.3\jbr\bin\zip.dll
Event: 0.126 Loaded shared library D:\PyCharm Community Edition 2025.1.3\jbr\bin\jimage.dll
Event: 0.346 Loaded shared library D:\PyCharm Community Edition 2025.1.3\jbr\bin\sunmscapi.dll
Event: 0.387 Loaded shared library D:\PyCharm Community Edition 2025.1.3\jbr\bin\extnet.dll
Event: 0.394 Thread 0x00000241b6c61810 Thread added: 0x00000242123b6300
Event: 0.457 Thread 0x00000242123b6300 Thread added: 0x000002421705d520


Dynamic libraries:
0x00007ff7b3de0000 - 0x00007ff7b3dea000 	D:\PyCharm Community Edition 2025.1.3\jbr\bin\java.exe
0x00007ffb2bd10000 - 0x00007ffb2bf27000 	C:\WINDOWS\SYSTEM32\ntdll.dll
0x00007ffb29e00000 - 0x00007ffb29ec4000 	C:\WINDOWS\System32\KERNEL32.DLL
0x00007ffb29010000 - 0x00007ffb293e2000 	C:\WINDOWS\System32\KERNELBASE.dll
0x00007ffb29610000 - 0x00007ffb29721000 	C:\WINDOWS\System32\ucrtbase.dll
0x00007ffb20f30000 - 0x00007ffb20f4b000 	D:\PyCharm Community Edition 2025.1.3\jbr\bin\VCRUNTIME140.dll
0x00007ffb072d0000 - 0x00007ffb072e8000 	D:\PyCharm Community Edition 2025.1.3\jbr\bin\jli.dll
0x00007ffb2b560000 - 0x00007ffb2b711000 	C:\WINDOWS\System32\USER32.dll
0x00007ffb28ec0000 - 0x00007ffb28ee6000 	C:\WINDOWS\System32\win32u.dll
0x00007ffb1bef0000 - 0x00007ffb1c18b000 	C:\WINDOWS\WinSxS\amd64_microsoft.windows.common-controls_6595b64144ccf1df_6.0.22621.5415_none_270d77d17387d7da\COMCTL32.dll
0x00007ffb29a10000 - 0x00007ffb29a39000 	C:\WINDOWS\System32\GDI32.dll
0x00007ffb2a170000 - 0x00007ffb2a217000 	C:\WINDOWS\System32\msvcrt.dll
0x00007ffb29870000 - 0x00007ffb29993000 	C:\WINDOWS\System32\gdi32full.dll
0x00007ffb28f70000 - 0x00007ffb2900a000 	C:\WINDOWS\System32\msvcp_win.dll
0x00007ffb2b520000 - 0x00007ffb2b551000 	C:\WINDOWS\System32\IMM32.DLL
0x00007ffb24490000 - 0x00007ffb2449c000 	D:\PyCharm Community Edition 2025.1.3\jbr\bin\vcruntime140_1.dll
0x00007ffaf8f00000 - 0x00007ffaf8f8d000 	D:\PyCharm Community Edition 2025.1.3\jbr\bin\msvcp140.dll
0x00007ffa8f860000 - 0x00007ffa90621000 	D:\PyCharm Community Edition 2025.1.3\jbr\bin\server\jvm.dll
0x00007ffb29a50000 - 0x00007ffb29b01000 	C:\WINDOWS\System32\ADVAPI32.dll
0x00007ffb2bc20000 - 0x00007ffb2bcc8000 	C:\WINDOWS\System32\sechost.dll
0x00007ffb295e0000 - 0x00007ffb29608000 	C:\WINDOWS\System32\bcrypt.dll
0x00007ffb2b1d0000 - 0x00007ffb2b2e4000 	C:\WINDOWS\System32\RPCRT4.dll
0x00007ffb2b390000 - 0x00007ffb2b401000 	C:\WINDOWS\System32\WS2_32.dll
0x00007ffb28cd0000 - 0x00007ffb28d1d000 	C:\WINDOWS\SYSTEM32\POWRPROF.dll
0x00007ffb23a40000 - 0x00007ffb23a74000 	C:\WINDOWS\SYSTEM32\WINMM.dll
0x00007ffb1fed0000 - 0x00007ffb1feda000 	C:\WINDOWS\SYSTEM32\VERSION.dll
0x00007ffb28cb0000 - 0x00007ffb28cc3000 	C:\WINDOWS\SYSTEM32\UMPDC.dll
0x00007ffb27e30000 - 0x00007ffb27e48000 	C:\WINDOWS\SYSTEM32\kernel.appcore.dll
0x00007ffb23df0000 - 0x00007ffb23dfa000 	D:\PyCharm Community Edition 2025.1.3\jbr\bin\jimage.dll
0x00007ffb26620000 - 0x00007ffb26853000 	C:\WINDOWS\SYSTEM32\DBGHELP.DLL
0x00007ffb2b720000 - 0x00007ffb2bab3000 	C:\WINDOWS\System32\combase.dll
0x00007ffb2a770000 - 0x00007ffb2a847000 	C:\WINDOWS\System32\OLEAUT32.dll
0x00007ffb20b20000 - 0x00007ffb20b52000 	C:\WINDOWS\SYSTEM32\dbgcore.DLL
0x00007ffb293f0000 - 0x00007ffb2946b000 	C:\WINDOWS\System32\bcryptPrimitives.dll
0x00007ffb20310000 - 0x00007ffb20330000 	D:\PyCharm Community Edition 2025.1.3\jbr\bin\java.dll
0x00007ffb2a850000 - 0x00007ffb2b0f2000 	C:\WINDOWS\System32\SHELL32.dll
0x00007ffb29730000 - 0x00007ffb2986f000 	C:\WINDOWS\System32\wintypes.dll
0x00007ffb26bc0000 - 0x00007ffb274de000 	C:\WINDOWS\SYSTEM32\windows.storage.dll
0x00007ffb29b10000 - 0x00007ffb29c1b000 	C:\WINDOWS\System32\SHCORE.dll
0x00007ffb299a0000 - 0x00007ffb29a09000 	C:\WINDOWS\System32\shlwapi.dll
0x00007ffb28d30000 - 0x00007ffb28d5b000 	C:\WINDOWS\SYSTEM32\profapi.dll
0x00007ffb1d5f0000 - 0x00007ffb1d608000 	D:\PyCharm Community Edition 2025.1.3\jbr\bin\zip.dll
0x00007ffb23d60000 - 0x00007ffb23d70000 	D:\PyCharm Community Edition 2025.1.3\jbr\bin\net.dll
0x00007ffb23160000 - 0x00007ffb2328c000 	C:\WINDOWS\SYSTEM32\WINHTTP.dll
0x00007ffb282b0000 - 0x00007ffb28319000 	C:\WINDOWS\system32\mswsock.dll
0x00007ffb1d5d0000 - 0x00007ffb1d5e6000 	D:\PyCharm Community Edition 2025.1.3\jbr\bin\nio.dll
0x00007ffb28510000 - 0x00007ffb2852b000 	C:\WINDOWS\SYSTEM32\CRYPTSP.dll
0x00007ffb27d90000 - 0x00007ffb27dc7000 	C:\WINDOWS\system32\rsaenh.dll
0x00007ffb283a0000 - 0x00007ffb283c8000 	C:\WINDOWS\SYSTEM32\USERENV.dll
0x00007ffb28500000 - 0x00007ffb2850c000 	C:\WINDOWS\SYSTEM32\CRYPTBASE.dll
0x00007ffb278f0000 - 0x00007ffb2791d000 	C:\WINDOWS\SYSTEM32\IPHLPAPI.DLL
0x00007ffb2b300000 - 0x00007ffb2b309000 	C:\WINDOWS\System32\NSI.dll
0x00007ffb20e50000 - 0x00007ffb20e5e000 	D:\PyCharm Community Edition 2025.1.3\jbr\bin\sunmscapi.dll
0x00007ffb29470000 - 0x00007ffb295d7000 	C:\WINDOWS\System32\CRYPT32.dll
0x00007ffb286c0000 - 0x00007ffb286ed000 	C:\WINDOWS\SYSTEM32\ncrypt.dll
0x00007ffb28680000 - 0x00007ffb286b7000 	C:\WINDOWS\SYSTEM32\NTASN1.dll
0x00007ffb243d0000 - 0x00007ffb243d8000 	C:\WINDOWS\system32\wshunix.dll
0x00007ffb1c830000 - 0x00007ffb1c839000 	D:\PyCharm Community Edition 2025.1.3\jbr\bin\extnet.dll

dbghelp: loaded successfully - version: 4.0.5 - missing functions: none
symbol engine: initialized successfully - sym options: 0x614 - pdb path: .;D:\PyCharm Community Edition 2025.1.3\jbr\bin;C:\WINDOWS\SYSTEM32;C:\WINDOWS\WinSxS\amd64_microsoft.windows.common-controls_6595b64144ccf1df_6.0.22621.5415_none_270d77d17387d7da;D:\PyCharm Community Edition 2025.1.3\jbr\bin\server

VM Arguments:
java_command: git4idea.http.GitAskPassApp Password for 'https://ivanov-a-ekaterina@github.com': 
java_class_path (initial): D:/PyCharm Community Edition 2025.1.3/plugins/vcs-git/lib/git4idea-rt.jar;D:/PyCharm Community Edition 2025.1.3/lib/externalProcess-rt.jar
Launcher Type: SUN_STANDARD

[Global flags]
     intx CICompilerCount                          = 4                                         {product} {ergonomic}
     uint ConcGCThreads                            = 2                                         {product} {ergonomic}
     uint G1ConcRefinementThreads                  = 8                                         {product} {ergonomic}
   size_t G1HeapRegionSize                         = 1048576                                   {product} {ergonomic}
    uintx GCDrainStackTargetSize                   = 64                                        {product} {ergonomic}
   size_t InitialHeapSize                          = 117440512                                 {product} {ergonomic}
   size_t MarkStackSize                            = 4194304                                   {product} {ergonomic}
   size_t MaxHeapSize                              = 1862270976                                {product} {ergonomic}
   size_t MaxNewSize                               = 1116733440                                {product} {ergonomic}
   size_t MinHeapDeltaBytes                        = 1048576                                   {product} {ergonomic}
   size_t MinHeapSize                              = 8388608                                   {product} {ergonomic}
    uintx NonNMethodCodeHeapSize                   = 5839372                                {pd product} {ergonomic}
    uintx NonProfiledCodeHeapSize                  = 122909434                              {pd product} {ergonomic}
    uintx ProfiledCodeHeapSize                     = 122909434                              {pd product} {ergonomic}
    uintx ReservedCodeCacheSize                    = 251658240                              {pd product} {ergonomic}
     bool SegmentedCodeCache                       = true                                      {product} {ergonomic}
   size_t SoftMaxHeapSize                          = 1862270976                             {manageable} {ergonomic}
     bool UseCompressedOops                        = true                           {product lp64_product} {ergonomic}
     bool UseG1GC                                  = true                                      {product} {ergonomic}
     bool UseLargePagesIndividualAllocation        = false                                  {pd product} {ergonomic}

Logging:
Log output configuration:
 #0: stdout all=warning uptime,level,tags foldmultilines=false
 #1: stderr all=off uptime,level,tags foldmultilines=false

Environment Variables:
PATH=D:\Git\mingw64\libexec\git-core;D:\Git\mingw64\libexec\git-core;D:\Git\mingw64\bin;D:\Git\usr\bin;C:\Users\79110\bin;D:\python3\Scripts;D:\python3;C:\WINDOWS\system32;C:\WINDOWS;C:\WINDOWS\System32\Wbem;C:\WINDOWS\System32\WindowsPowerShell\v1.0;C:\WINDOWS\System32\OpenSSH;D:\Git\cmd;D:\Git\mingw64\bin;D:\Git\usr\bin;C:\Users\79110\AppData\Local\Microsoft\WindowsApps;C:\Users\79110\AppData\Local\Microsoft\WindowsApps;C:\Users\79110\AppData\Local\Microsoft\WindowsApps\PythonSoftwareFoundation.Python.3.13_qbz5n2kfra8p0;D:\PyCharm Community Edition 2025.1.3\bin;D:\Microsoft VS Code\bin
USERNAME=79110
DISPLAY=:0.0
LC_ALL=en_US.UTF-8
TERM=xterm-256color
TMPDIR=C:\Users\79110\AppData\Local\Temp
OS=Windows_NT
PROCESSOR_IDENTIFIER=AMD64 Family 23 Model 24 Stepping 1, AuthenticAMD
TMP=C:\Users\79110\AppData\Local\Temp
TEMP=C:\Users\79110\AppData\Local\Temp




Periodic native trim disabled

JNI global refs:
JNI global refs: 20, weak refs: 0

JNI global refs memory usage: 835, weak refs: 201

Process memory usage:
Resident Set Size: 66092K (0% of 7274124K total physical memory with 426028K free physical memory)

OOME stack traces (most recent first):
Classloader memory used:
Loader bootstrap                                                                       : 5293K
Loader jdk.internal.loader.ClassLoaders$PlatformClassLoader                            : 1451K
Loader jdk.internal.loader.ClassLoaders$AppClassLoader                                 : 16400B

---------------  S Y S T E M  ---------------

OS:
 Windows 11 , 64 bit Build 22621 (10.0.22621.5415)
OS uptime: 5 days 23:13 hours

CPU: total 8 (initial active 8) (8 cores per cpu, 2 threads per core) family 23 model 24 stepping 1 microcode 0x0, cx8, cmov, fxsr, ht, mmx, 3dnowpref, sse, sse2, sse3, ssse3, sse4a, sse4.1, sse4.2, popcnt, lzcnt, tsc, tscinvbit, avx, avx2, aes, clmul, bmi1, bmi2, adx, sha, fma, vzeroupper, clflush, clflushopt, rdtscp, f16c
Processor Information for the first 8 processors :
  Max Mhz: 2100, Current Mhz: 2100, Mhz Limit: 2100

Memory: 4k page, system-wide physical 7103M (416M free)
TotalPageFile size 9209M (AvailPageFile size 5M)
current process WorkingSet (physical memory assigned to process): 64M, peak: 64M
current process commit charge ("private bytes"): 203M, peak: 204M

vm_info: OpenJDK 64-Bit Server VM (21.0.7+9-b895.130) for windows-amd64 JRE (21.0.7+9-b895.130), built on 2025-05-13 by "builduser" with MS VC++ 16.10 / 16.11 (VS2019)

END.
